<?xml version="1.0" encoding="UTF-8"?>
<!-- Generated by org.testng.reporters.JUnitReportReporter -->
<testsuite hostname="MININT-7I81DG4" failures="0" tests="1" name="tests.DropDownTest" time="7.038" errors="0" timestamp="11 Jun 2020 00:41:36 GMT" skipped="0">
  <testcase classname="tests.DropDownTest" name="testDropDown" time="7.038"/>
</testsuite> <!-- tests.DropDownTest -->
