<?xml version="1.0" encoding="UTF-8"?>
<!-- Generated by org.testng.reporters.JUnitReportReporter -->
<testsuite hostname="MININT-7I81DG4" failures="0" tests="2" name="tests.NegativeLoginTest" time="3.974" errors="0" timestamp="11 Jun 2020 00:41:36 GMT" skipped="0">
  <testcase classname="tests.NegativeLoginTest" name="negativeTest" time="3.205"/>
  <testcase classname="tests.NegativeLoginTest" name="negativeTest" time="0.769"/>
</testsuite> <!-- tests.NegativeLoginTest -->
