<?xml version="1.0" encoding="UTF-8"?>
<!-- Generated by org.testng.reporters.JUnitReportReporter -->
<testsuite hostname="MININT-7I81DG4" failures="0" tests="1" name="tests.loginPageTest.LoginPageTest" time="2.325" errors="0" timestamp="10 Jun 2020 19:01:10 GMT" skipped="0">
  <testcase classname="tests.loginPageTest.LoginPageTest" name="testLogin" time="2.325"/>
</testsuite> <!-- tests.loginPageTest.LoginPageTest -->
