<?xml version="1.0" encoding="UTF-8"?>
<!-- Generated by org.testng.reporters.JUnitReportReporter -->
<testsuite hostname="MININT-7I81DG4" failures="0" tests="2" name="tests.loginPageTest.NegativeLoginTest" time="2.366" errors="0" timestamp="10 Jun 2020 19:56:30 GMT" skipped="0">
  <testcase classname="tests.loginPageTest.NegativeLoginTest" name="negativeTest" time="1.717"/>
  <testcase classname="tests.loginPageTest.NegativeLoginTest" name="negativeTest" time="0.649"/>
</testsuite> <!-- tests.loginPageTest.NegativeLoginTest -->
