<?xml version="1.0" encoding="UTF-8"?>
<!-- Generated by org.testng.reporters.JUnitReportReporter -->
<testsuite hostname="MININT-7I81DG4" failures="0" tests="1" name="tests.FrameTest" time="1.676" errors="0" timestamp="11 Jun 2020 00:41:36 GMT" skipped="0">
  <testcase classname="tests.FrameTest" name="testFrame" time="1.676"/>
</testsuite> <!-- tests.FrameTest -->
