<?xml version="1.0" encoding="UTF-8"?>
<!-- Generated by org.testng.reporters.JUnitReportReporter -->
<testsuite hostname="MININT-7I81DG4" failures="0" tests="1" name="tests.CheckboxTest" time="8.289" errors="0" timestamp="11 Jun 2020 00:41:36 GMT" skipped="0">
  <testcase classname="tests.CheckboxTest" name="testCheckbox" time="8.289"/>
</testsuite> <!-- tests.CheckboxTest -->
