<?xml version="1.0" encoding="UTF-8"?>
<!-- Generated by org.testng.reporters.JUnitReportReporter -->
<testsuite hostname="MININT-7I81DG4" failures="0" tests="2" name="tests.loginPageTest.NegativeLoginTest" time="3.546" errors="0" timestamp="11 Jun 2020 00:35:24 GMT" skipped="0">
  <testcase classname="tests.loginPageTest.NegativeLoginTest" name="negativeTest" time="2.268"/>
  <testcase classname="tests.loginPageTest.NegativeLoginTest" name="negativeTest" time="1.278"/>
</testsuite> <!-- tests.loginPageTest.NegativeLoginTest -->
