<?xml version="1.0" encoding="UTF-8"?>
<!-- Generated by org.testng.reporters.JUnitReportReporter -->
<testsuite hostname="MININT-7I81DG4" failures="0" tests="1" name="tests.checkboxTest.CheckboxTest" time="7.745" errors="0" timestamp="11 Jun 2020 00:35:24 GMT" skipped="0">
  <testcase classname="tests.checkboxTest.CheckboxTest" name="testCheckbox" time="7.745"/>
</testsuite> <!-- tests.checkboxTest.CheckboxTest -->
